<?xml version="1.0" encoding="UTF-8"?>
<!-- Generated by org.testng.reporters.JUnitXMLReporter -->
<testsuite ignored="0" hostname="Manul-W" failures="1" tests="1" name="Test1" time="0.072" errors="0" timestamp="2021-06-15T23:36:11 IST">
  <testcase classname="demo.TestNGParameters" name="test" time="0.0">
    <failure type="org.testng.TestNGException" message="
Parameter &amp;apos;MyName&amp;apos; is required by @Test on method test but has not been marked @Optional or defined
in D:\seleniumTests\.git\SeleniumTestNGGroupsDemo\SeleniumTestNGFramework\testng1.xml">
      <![CDATA[org.testng.TestNGException: 
Parameter 'MyName' is required by @Test on method test but has not been marked @Optional or defined
in D:\seleniumTests\.git\SeleniumTestNGGroupsDemo\SeleniumTestNGFramework\testng1.xml
at java.base/java.util.ArrayList.forEach(ArrayList.java:1511)
... Removed 26 stack frames]]>
    </failure>
  </testcase> <!-- test -->
</testsuite> <!-- Test1 -->
